#-----------------------------------------------------------
# Vivado v2018.3 (64-bit)
# SW Build 2405991 on Thu Dec  6 23:38:27 MST 2018
# IP Build 2404404 on Fri Dec  7 01:43:56 MST 2018
# Start of session at: Sat Aug  1 11:20:52 2020
# Process ID: 12780
# Current directory: F:/xilinx_ll/Camera_Demo
# Command line: vivado.exe -gui_launcher_event rodinguilauncherevent10128 F:\xilinx_ll\Camera_Demo\Camera_Demo.xpr
# Log file: F:/xilinx_ll/Camera_Demo/vivado.log
# Journal file: F:/xilinx_ll/Camera_Demo\vivado.jou
#-----------------------------------------------------------
start_gui
open_project F:/xilinx_ll/Camera_Demo/Camera_Demo.xpr
CRITICAL WARNING: [Project 1-19] Could not find the file 'E:/FPGA-Demo-Project/Camera_Demo/tcl/Elimate_Constraints_Error.tcl'.
Scanning sources...
Finished scanning sources
INFO: [IP_Flow 19-234] Refreshing IP repositories
INFO: [IP_Flow 19-1700] Loaded user IP repository 'f:/xilinx_ll/Camera_Demo/IP_Core'.
INFO: [IP_Flow 19-2313] Loaded Vivado IP repository 'D:/Xilinx_Vivado_SDK_2018.3/Vivado/2018.3/data/ip'.
open_project: Time (s): cpu = 00:00:18 ; elapsed = 00:00:31 . Memory (MB): peak = 697.133 ; gain = 135.281
update_compile_order -fileset sources_1
exit
INFO: [Common 17-206] Exiting Vivado at Sat Aug  1 11:27:01 2020...
